<?xml version="1.0" encoding="UTF-8"?>
<testng-results ignored="0" total="3" passed="3" failed="0" skipped="0">
  <reporter-output>
  </reporter-output>
  <suite started-at="2023-09-14T12:08:01Z" name="Default suite" finished-at="2023-09-14T12:09:14Z" duration-ms="73096">
    <groups>
    </groups>
    <test started-at="2023-09-14T12:08:01Z" name="Default test" finished-at="2023-09-14T12:09:14Z" duration-ms="73096">
      <class name="Project.School_Assign">
        <test-method is-config="true" signature="SetUp()[pri:0, instance:Project.School_Assign@6f15d60e]" started-at="2023-09-14T12:07:55Z" name="SetUp" finished-at="2023-09-14T12:08:01Z" duration-ms="6283" status="PASS">
          <reporter-output>
          </reporter-output>
        </test-method> <!-- SetUp -->
        <test-method signature="Login()[pri:0, instance:Project.School_Assign@6f15d60e]" started-at="2023-09-14T12:08:01Z" name="Login" finished-at="2023-09-14T12:08:22Z" duration-ms="20597" status="PASS">
          <reporter-output>
          </reporter-output>
        </test-method> <!-- Login -->
        <test-method signature="Dashboard()[pri:1, instance:Project.School_Assign@6f15d60e]" started-at="2023-09-14T12:08:22Z" name="Dashboard" finished-at="2023-09-14T12:08:43Z" duration-ms="20931" status="PASS">
          <reporter-output>
          </reporter-output>
        </test-method> <!-- Dashboard -->
        <test-method signature="reports()[pri:2, instance:Project.School_Assign@6f15d60e]" started-at="2023-09-14T12:08:43Z" name="reports" finished-at="2023-09-14T12:09:14Z" duration-ms="31486" status="PASS">
          <reporter-output>
          </reporter-output>
        </test-method> <!-- reports -->
        <test-method is-config="true" signature="Logout()[pri:0, instance:Project.School_Assign@6f15d60e]" started-at="2023-09-14T12:09:14Z" name="Logout" finished-at="2023-09-14T12:09:25Z" duration-ms="10633" status="PASS">
          <reporter-output>
          </reporter-output>
        </test-method> <!-- Logout -->
      </class> <!-- Project.School_Assign -->
    </test> <!-- Default test -->
  </suite> <!-- Default suite -->
</testng-results>
